This file contains any messages produced by compilers while
running configure, to aid debugging if configure makes a mistake.

It was created by alsa-utils configure 1.1.3, which was
generated by GNU Autoconf 2.69.  Invocation command line was

  $ ./configure --no-create --no-recursion

## --------- ##
## Platform. ##
## --------- ##

hostname = tarina
uname -m = armv7l
uname -r = 4.19.34-v7+
uname -s = Linux
uname -v = #1211 SMP Mon Apr 8 22:56:37 BST 2019

/usr/bin/uname -p = unknown
/bin/uname -X     = unknown

/bin/arch              = unknown
/usr/bin/arch -k       = unknown
/usr/convex/getsysinfo = unknown
/usr/bin/hostinfo      = unknown
/bin/machine           = unknown
/usr/bin/oslevel       = unknown
/bin/universe          = unknown

PATH: /usr/local/sbin
PATH: /usr/local/bin
PATH: /usr/sbin
PATH: /usr/bin
PATH: /sbin
PATH: /bin
PATH: /usr/local/games
PATH: /usr/games


## ----------- ##
## Core tests. ##
## ----------- ##

configure:2365: checking for a BSD-compatible install
configure:2433: result: /usr/bin/install -c
configure:2444: checking whether build environment is sane
configure:2499: result: yes
configure:2650: checking for a thread-safe mkdir -p
configure:2689: result: /bin/mkdir -p
configure:2696: checking for gawk
configure:2726: result: no
configure:2696: checking for mawk
configure:2712: found /usr/bin/mawk
configure:2723: result: mawk
configure:2734: checking whether make sets $(MAKE)
configure:2756: result: yes
configure:2844: checking whether to enable maintainer-specific portions of Makefiles
configure:2853: result: yes
configure:2875: checking whether NLS is requested
configure:2884: result: yes
configure:2925: checking for msgfmt
configure:2960: result: no
configure:2966: checking for gmsgfmt
configure:2997: result: :
configure:3048: checking for xgettext
configure:3083: result: no
configure:3126: checking for msgmerge
configure:3160: result: no
configure:3202: checking for style of include used by make
configure:3230: result: GNU
configure:3301: checking for gcc
configure:3317: found /usr/bin/gcc
configure:3328: result: gcc
configure:3557: checking for C compiler version
configure:3566: gcc --version >&5
gcc (Raspbian 6.3.0-18+rpi1+deb9u1) 6.3.0 20170516
Copyright (C) 2016 Free Software Foundation, Inc.
This is free software; see the source for copying conditions.  There is NO
warranty; not even for MERCHANTABILITY or FITNESS FOR A PARTICULAR PURPOSE.

configure:3577: $? = 0
configure:3566: gcc -v >&5
Using built-in specs.
COLLECT_GCC=gcc
COLLECT_LTO_WRAPPER=/usr/lib/gcc/arm-linux-gnueabihf/6/lto-wrapper
Target: arm-linux-gnueabihf
Configured with: ../src/configure -v --with-pkgversion='Raspbian 6.3.0-18+rpi1+deb9u1' --with-bugurl=file:///usr/share/doc/gcc-6/README.Bugs --enable-languages=c,ada,c++,java,go,d,fortran,objc,obj-c++ --prefix=/usr --program-suffix=-6 --program-prefix=arm-linux-gnueabihf- --enable-shared --enable-linker-build-id --libexecdir=/usr/lib --without-included-gettext --enable-threads=posix --libdir=/usr/lib --enable-nls --with-sysroot=/ --enable-clocale=gnu --enable-libstdcxx-debug --enable-libstdcxx-time=yes --with-default-libstdcxx-abi=new --enable-gnu-unique-object --disable-libitm --disable-libquadmath --enable-plugin --with-system-zlib --disable-browser-plugin --enable-java-awt=gtk --enable-gtk-cairo --with-java-home=/usr/lib/jvm/java-1.5.0-gcj-6-armhf/jre --enable-java-home --with-jvm-root-dir=/usr/lib/jvm/java-1.5.0-gcj-6-armhf --with-jvm-jar-dir=/usr/lib/jvm-exports/java-1.5.0-gcj-6-armhf --with-arch-directory=arm --with-ecj-jar=/usr/share/java/eclipse-ecj.jar --with-target-system-zlib --enable-objc-gc=auto --enable-multiarch --disable-sjlj-exceptions --with-arch=armv6 --with-fpu=vfp --with-float=hard --enable-checking=release --build=arm-linux-gnueabihf --host=arm-linux-gnueabihf --target=arm-linux-gnueabihf
Thread model: posix
gcc version 6.3.0 20170516 (Raspbian 6.3.0-18+rpi1+deb9u1) 
configure:3577: $? = 0
configure:3566: gcc -V >&5
gcc: error: unrecognized command line option '-V'
gcc: fatal error: no input files
compilation terminated.
configure:3577: $? = 1
configure:3566: gcc -qversion >&5
gcc: error: unrecognized command line option '-qversion'; did you mean '--version'?
gcc: fatal error: no input files
compilation terminated.
configure:3577: $? = 1
configure:3597: checking whether the C compiler works
configure:3619: gcc    conftest.c  >&5
configure:3623: $? = 0
configure:3671: result: yes
configure:3674: checking for C compiler default output file name
configure:3676: result: a.out
configure:3682: checking for suffix of executables
configure:3689: gcc -o conftest    conftest.c  >&5
configure:3693: $? = 0
configure:3715: result: 
configure:3737: checking whether we are cross compiling
configure:3745: gcc -o conftest    conftest.c  >&5
configure:3749: $? = 0
configure:3756: ./conftest
configure:3760: $? = 0
configure:3775: result: no
configure:3780: checking for suffix of object files
configure:3802: gcc -c   conftest.c >&5
configure:3806: $? = 0
configure:3827: result: o
configure:3831: checking whether we are using the GNU C compiler
configure:3850: gcc -c   conftest.c >&5
configure:3850: $? = 0
configure:3859: result: yes
configure:3868: checking whether gcc accepts -g
configure:3888: gcc -c -g  conftest.c >&5
configure:3888: $? = 0
configure:3929: result: yes
configure:3946: checking for gcc option to accept ISO C89
configure:4009: gcc  -c -g -O2  conftest.c >&5
configure:4009: $? = 0
configure:4022: result: none needed
configure:4044: checking dependency style of gcc
configure:4155: result: gcc3
configure:4174: checking build system type
configure:4188: result: armv7l-unknown-linux-gnueabihf
configure:4208: checking host system type
configure:4221: result: armv7l-unknown-linux-gnueabihf
configure:4265: checking for ld used by GCC
configure:4329: result: /usr/bin/ld
configure:4336: checking if the linker (/usr/bin/ld) is GNU ld
configure:4349: result: yes
configure:4356: checking for shared library run path origin
configure:4369: result: done
configure:4394: checking how to run the C preprocessor
configure:4425: gcc -E  conftest.c
configure:4425: $? = 0
configure:4439: gcc -E  conftest.c
conftest.c:11:28: fatal error: ac_nonexistent.h: No such file or directory
 #include <ac_nonexistent.h>
                            ^
compilation terminated.
configure:4439: $? = 1
configure: failed program was:
| /* confdefs.h */
| #define PACKAGE_NAME "alsa-utils"
| #define PACKAGE_TARNAME "alsa-utils"
| #define PACKAGE_VERSION "1.1.3"
| #define PACKAGE_STRING "alsa-utils 1.1.3"
| #define PACKAGE_BUGREPORT ""
| #define PACKAGE_URL ""
| #define PACKAGE "alsa-utils"
| #define VERSION "1.1.3"
| /* end confdefs.h.  */
| #include <ac_nonexistent.h>
configure:4464: result: gcc -E
configure:4484: gcc -E  conftest.c
configure:4484: $? = 0
configure:4498: gcc -E  conftest.c
conftest.c:11:28: fatal error: ac_nonexistent.h: No such file or directory
 #include <ac_nonexistent.h>
                            ^
compilation terminated.
configure:4498: $? = 1
configure: failed program was:
| /* confdefs.h */
| #define PACKAGE_NAME "alsa-utils"
| #define PACKAGE_TARNAME "alsa-utils"
| #define PACKAGE_VERSION "1.1.3"
| #define PACKAGE_STRING "alsa-utils 1.1.3"
| #define PACKAGE_BUGREPORT ""
| #define PACKAGE_URL ""
| #define PACKAGE "alsa-utils"
| #define VERSION "1.1.3"
| /* end confdefs.h.  */
| #include <ac_nonexistent.h>
configure:4527: checking for grep that handles long lines and -e
configure:4585: result: /bin/grep
configure:4590: checking for egrep
configure:4652: result: /bin/grep -E
configure:5210: checking for CFPreferencesCopyAppValue
configure:5228: gcc -o conftest -g -O2   conftest.c  -Wl,-framework -Wl,CoreFoundation >&5
conftest.c:11:42: fatal error: CoreFoundation/CFPreferences.h: No such file or directory
 #include <CoreFoundation/CFPreferences.h>
                                          ^
compilation terminated.
configure:5228: $? = 1
configure: failed program was:
| /* confdefs.h */
| #define PACKAGE_NAME "alsa-utils"
| #define PACKAGE_TARNAME "alsa-utils"
| #define PACKAGE_VERSION "1.1.3"
| #define PACKAGE_STRING "alsa-utils 1.1.3"
| #define PACKAGE_BUGREPORT ""
| #define PACKAGE_URL ""
| #define PACKAGE "alsa-utils"
| #define VERSION "1.1.3"
| /* end confdefs.h.  */
| #include <CoreFoundation/CFPreferences.h>
| int
| main ()
| {
| CFPreferencesCopyAppValue(NULL, NULL)
|   ;
|   return 0;
| }
configure:5237: result: no
configure:5244: checking for CFLocaleCopyCurrent
configure:5262: gcc -o conftest -g -O2   conftest.c  -Wl,-framework -Wl,CoreFoundation >&5
conftest.c:11:37: fatal error: CoreFoundation/CFLocale.h: No such file or directory
 #include <CoreFoundation/CFLocale.h>
                                     ^
compilation terminated.
configure:5262: $? = 1
configure: failed program was:
| /* confdefs.h */
| #define PACKAGE_NAME "alsa-utils"
| #define PACKAGE_TARNAME "alsa-utils"
| #define PACKAGE_VERSION "1.1.3"
| #define PACKAGE_STRING "alsa-utils 1.1.3"
| #define PACKAGE_BUGREPORT ""
| #define PACKAGE_URL ""
| #define PACKAGE "alsa-utils"
| #define VERSION "1.1.3"
| /* end confdefs.h.  */
| #include <CoreFoundation/CFLocale.h>
| int
| main ()
| {
| CFLocaleCopyCurrent();
|   ;
|   return 0;
| }
configure:5271: result: no
configure:5320: checking for GNU gettext in libc
configure:5340: gcc -o conftest -g -O2   conftest.c  >&5
configure:5340: $? = 0
configure:5349: result: yes
configure:6140: checking whether to use NLS
configure:6142: result: yes
configure:6145: checking where the gettext function comes from
configure:6156: result: libc
configure:6264: checking for gcc
configure:6291: result: gcc
configure:6520: checking for C compiler version
configure:6529: gcc --version >&5
gcc (Raspbian 6.3.0-18+rpi1+deb9u1) 6.3.0 20170516
Copyright (C) 2016 Free Software Foundation, Inc.
This is free software; see the source for copying conditions.  There is NO
warranty; not even for MERCHANTABILITY or FITNESS FOR A PARTICULAR PURPOSE.

configure:6540: $? = 0
configure:6529: gcc -v >&5
Using built-in specs.
COLLECT_GCC=gcc
COLLECT_LTO_WRAPPER=/usr/lib/gcc/arm-linux-gnueabihf/6/lto-wrapper
Target: arm-linux-gnueabihf
Configured with: ../src/configure -v --with-pkgversion='Raspbian 6.3.0-18+rpi1+deb9u1' --with-bugurl=file:///usr/share/doc/gcc-6/README.Bugs --enable-languages=c,ada,c++,java,go,d,fortran,objc,obj-c++ --prefix=/usr --program-suffix=-6 --program-prefix=arm-linux-gnueabihf- --enable-shared --enable-linker-build-id --libexecdir=/usr/lib --without-included-gettext --enable-threads=posix --libdir=/usr/lib --enable-nls --with-sysroot=/ --enable-clocale=gnu --enable-libstdcxx-debug --enable-libstdcxx-time=yes --with-default-libstdcxx-abi=new --enable-gnu-unique-object --disable-libitm --disable-libquadmath --enable-plugin --with-system-zlib --disable-browser-plugin --enable-java-awt=gtk --enable-gtk-cairo --with-java-home=/usr/lib/jvm/java-1.5.0-gcj-6-armhf/jre --enable-java-home --with-jvm-root-dir=/usr/lib/jvm/java-1.5.0-gcj-6-armhf --with-jvm-jar-dir=/usr/lib/jvm-exports/java-1.5.0-gcj-6-armhf --with-arch-directory=arm --with-ecj-jar=/usr/share/java/eclipse-ecj.jar --with-target-system-zlib --enable-objc-gc=auto --enable-multiarch --disable-sjlj-exceptions --with-arch=armv6 --with-fpu=vfp --with-float=hard --enable-checking=release --build=arm-linux-gnueabihf --host=arm-linux-gnueabihf --target=arm-linux-gnueabihf
Thread model: posix
gcc version 6.3.0 20170516 (Raspbian 6.3.0-18+rpi1+deb9u1) 
configure:6540: $? = 0
configure:6529: gcc -V >&5
gcc: error: unrecognized command line option '-V'
gcc: fatal error: no input files
compilation terminated.
configure:6540: $? = 1
configure:6529: gcc -qversion >&5
gcc: error: unrecognized command line option '-qversion'; did you mean '--version'?
gcc: fatal error: no input files
compilation terminated.
configure:6540: $? = 1
configure:6544: checking whether we are using the GNU C compiler
configure:6572: result: yes
configure:6581: checking whether gcc accepts -g
configure:6642: result: yes
configure:6659: checking for gcc option to accept ISO C89
configure:6735: result: none needed
configure:6757: checking dependency style of gcc
configure:6868: result: gcc3
configure:6885: checking whether ln -s works
configure:6889: result: yes
configure:6896: checking for a sed that does not truncate output
configure:6960: result: /bin/sed
configure:7018: checking for pkg-config
configure:7036: found /usr/bin/pkg-config
configure:7048: result: /usr/bin/pkg-config
configure:7073: checking pkg-config is at least version 0.9.0
configure:7076: result: yes
configure:7115: checking for ALSA CFLAGS
configure:7121: result: 
configure:7124: checking for ALSA LDFLAGS
configure:7133: result:  -lasound -lm -ldl -lpthread
configure:7138: checking for libasound headers version >= 1.0.27
configure:7200: gcc -c -g -O2  conftest.c >&5
configure:7200: $? = 0
configure:7201: result: found.
configure:7220: checking for snd_ctl_open in -lasound
configure:7245: gcc -o conftest -g -O2   conftest.c -lasound   -lasound -lm -ldl -lpthread  >&5
configure:7245: $? = 0
configure:7254: result: yes
configure:7290: checking for snd_ctl_elem_add_enumerated
configure:7290: gcc -o conftest -g -O2   conftest.c -lasound -lm -ldl -lpthread >&5
configure:7290: $? = 0
configure:7290: result: yes
configure:7301: checking for alsa/pcm.h
configure:7301: gcc -c -g -O2  conftest.c >&5
configure:7301: $? = 0
configure:7301: result: yes
configure:7316: checking for alsa/mixer.h
configure:7316: gcc -c -g -O2  conftest.c >&5
configure:7316: $? = 0
configure:7316: result: yes
configure:7331: checking for alsa/rawmidi.h
configure:7331: gcc -c -g -O2  conftest.c >&5
configure:7331: $? = 0
configure:7331: result: yes
configure:7346: checking for alsa/seq.h
configure:7346: gcc -c -g -O2  conftest.c >&5
configure:7346: $? = 0
configure:7346: result: yes
configure:7361: checking for alsa/use-case.h
configure:7361: gcc -c -g -O2  conftest.c >&5
configure:7361: $? = 0
configure:7361: result: yes
configure:7376: checking for alsa/topology.h
configure:7376: gcc -c -g -O2  conftest.c >&5
configure:7376: $? = 0
configure:7376: result: yes
configure:7391: checking for samplerate.h
configure:7391: gcc -c -g -O2  conftest.c >&5
conftest.c:21:24: fatal error: samplerate.h: No such file or directory
 #include <samplerate.h>
                        ^
compilation terminated.
configure:7391: $? = 1
configure: failed program was:
| /* confdefs.h */
| #define PACKAGE_NAME "alsa-utils"
| #define PACKAGE_TARNAME "alsa-utils"
| #define PACKAGE_VERSION "1.1.3"
| #define PACKAGE_STRING "alsa-utils 1.1.3"
| #define PACKAGE_BUGREPORT ""
| #define PACKAGE_URL ""
| #define PACKAGE "alsa-utils"
| #define VERSION "1.1.3"
| #define ENABLE_NLS 1
| #define HAVE_GETTEXT 1
| #define HAVE_DCGETTEXT 1
| #define HAVE_LIBASOUND 1
| #define HAVE_ALSA_PCM_H 1
| #define HAVE_ALSA_MIXER_H 1
| #define HAVE_ALSA_RAWMIDI_H 1
| #define HAVE_ALSA_SEQ_H 1
| #define HAVE_ALSA_USE_CASE_H 1
| #define HAVE_ALSA_TOPOLOGY_H 1
| /* end confdefs.h.  */
| #include <samplerate.h>
| 
| #include <samplerate.h>
configure:7391: result: no
configure:7405: checking for snd_seq_client_info_get_card in -lasound
configure:7430: gcc -o conftest -g -O2   conftest.c -lasound  -lasound -lm -ldl -lpthread >&5
configure:7430: $? = 0
configure:7439: result: yes
configure:7450: checking for snd_seq_client_info_get_pid in -lasound
configure:7475: gcc -o conftest -g -O2   conftest.c -lasound  -lasound -lm -ldl -lpthread >&5
configure:7475: $? = 0
configure:7484: result: yes
configure:7598: checking for fftwf_malloc in -lfftw3f
configure:7623: gcc -o conftest -g -O2   conftest.c -lfftw3f  -lasound -lm -ldl -lpthread >&5
/usr/bin/ld: cannot find -lfftw3f
collect2: error: ld returned 1 exit status
configure:7623: $? = 1
configure: failed program was:
| /* confdefs.h */
| #define PACKAGE_NAME "alsa-utils"
| #define PACKAGE_TARNAME "alsa-utils"
| #define PACKAGE_VERSION "1.1.3"
| #define PACKAGE_STRING "alsa-utils 1.1.3"
| #define PACKAGE_BUGREPORT ""
| #define PACKAGE_URL ""
| #define PACKAGE "alsa-utils"
| #define VERSION "1.1.3"
| #define ENABLE_NLS 1
| #define HAVE_GETTEXT 1
| #define HAVE_DCGETTEXT 1
| #define HAVE_LIBASOUND 1
| #define HAVE_ALSA_PCM_H 1
| #define HAVE_ALSA_MIXER_H 1
| #define HAVE_ALSA_RAWMIDI_H 1
| #define HAVE_ALSA_SEQ_H 1
| #define HAVE_ALSA_USE_CASE_H 1
| #define HAVE_ALSA_TOPOLOGY_H 1
| #define HAVE_SEQ_CLIENT_INFO_GET_CARD 1
| #define HAVE_SEQ_CLIENT_INFO_GET_PID 1
| /* end confdefs.h.  */
| 
| /* Override any GCC internal prototype to avoid an error.
|    Use char because int might match the return type of a GCC
|    builtin and then its argument prototype would still apply.  */
| #ifdef __cplusplus
| extern "C"
| #endif
| char fftwf_malloc ();
| int
| main ()
| {
| return fftwf_malloc ();
|   ;
|   return 0;
| }
configure:7632: result: no
configure:7696: checking for sqrtf in -lm
configure:7721: gcc -o conftest -g -O2   conftest.c -lm  -lasound -lm -ldl -lpthread >&5
conftest.c:30:6: warning: conflicting types for built-in function 'sqrtf'
 char sqrtf ();
      ^~~~~
configure:7721: $? = 0
configure:7730: result: yes
configure:7743: checking for pthread_create in -lpthread
configure:7768: gcc -o conftest -g -O2   conftest.c -lpthread  -lm -lasound -lm -ldl -lpthread >&5
configure:7768: $? = 0
configure:7777: result: yes
configure:7818: checking for librt
configure:7829: checking for clock_gettime in -lrt
configure:7854: gcc -o conftest -g -O2   conftest.c -lrt  -lasound -lm -ldl -lpthread >&5
configure:7854: $? = 0
configure:7863: result: yes
configure:7960: checking for xmlto
configure:7990: result: no
configure:8016: checking for rst2man
configure:8046: result: no
configure:8076: checking for ANSI C header files
configure:8096: gcc -c -g -O2  conftest.c >&5
configure:8096: $? = 0
configure:8169: gcc -o conftest -g -O2   conftest.c -lasound -lm -ldl -lpthread >&5
configure:8169: $? = 0
configure:8169: ./conftest
configure:8169: $? = 0
configure:8180: result: yes
configure:8203: checking for NCURSESW
configure:8210: $PKG_CONFIG --exists --print-errors "ncursesw"
Package ncursesw was not found in the pkg-config search path.
Perhaps you should add the directory containing `ncursesw.pc'
to the PKG_CONFIG_PATH environment variable
No package 'ncursesw' found
configure:8213: $? = 1
configure:8226: $PKG_CONFIG --exists --print-errors "ncursesw"
Package ncursesw was not found in the pkg-config search path.
Perhaps you should add the directory containing `ncursesw.pc'
to the PKG_CONFIG_PATH environment variable
No package 'ncursesw' found
configure:8229: $? = 1
configure:8242: result: no
No package 'ncursesw' found
configure:8261: checking for ncursesw5-config
configure:8291: result: no
configure:8303: checking for initscr in -lncursesw
configure:8328: gcc -o conftest -g -O2   conftest.c -lncursesw  -lasound -lm -ldl -lpthread >&5
/usr/bin/ld: cannot find -lncursesw
collect2: error: ld returned 1 exit status
configure:8328: $? = 1
configure: failed program was:
| /* confdefs.h */
| #define PACKAGE_NAME "alsa-utils"
| #define PACKAGE_TARNAME "alsa-utils"
| #define PACKAGE_VERSION "1.1.3"
| #define PACKAGE_STRING "alsa-utils 1.1.3"
| #define PACKAGE_BUGREPORT ""
| #define PACKAGE_URL ""
| #define PACKAGE "alsa-utils"
| #define VERSION "1.1.3"
| #define ENABLE_NLS 1
| #define HAVE_GETTEXT 1
| #define HAVE_DCGETTEXT 1
| #define HAVE_LIBASOUND 1
| #define HAVE_ALSA_PCM_H 1
| #define HAVE_ALSA_MIXER_H 1
| #define HAVE_ALSA_RAWMIDI_H 1
| #define HAVE_ALSA_SEQ_H 1
| #define HAVE_ALSA_USE_CASE_H 1
| #define HAVE_ALSA_TOPOLOGY_H 1
| #define HAVE_SEQ_CLIENT_INFO_GET_CARD 1
| #define HAVE_SEQ_CLIENT_INFO_GET_PID 1
| #define HAVE_LIBM 1
| #define HAVE_LIBPTHREAD 1
| #define HAVE_LIBRT 1
| #define HAVE_CLOCK_GETTIME 1
| #define STDC_HEADERS 1
| /* end confdefs.h.  */
| 
| /* Override any GCC internal prototype to avoid an error.
|    Use char because int might match the return type of a GCC
|    builtin and then its argument prototype would still apply.  */
| #ifdef __cplusplus
| extern "C"
| #endif
| char initscr ();
| int
| main ()
| {
| return initscr ();
|   ;
|   return 0;
| }
configure:8337: result: no
configure:8456: checking for NCURSES
configure:8463: $PKG_CONFIG --exists --print-errors "ncurses"
configure:8466: $? = 0
configure:8479: $PKG_CONFIG --exists --print-errors "ncurses"
configure:8482: $? = 0
configure:8691: result: yes
configure:8748: checking for curses library
configure:8750: result: ncurses
configure:8752: checking for curses header name
configure:8754: result: <ncurses.h>
configure:8756: checking for curses compiler flags
configure:8758: result: -D_GNU_SOURCE -D_DEFAULT_SOURCE
configure:8787: gcc -o conftest -g -O2 -D_GNU_SOURCE -D_DEFAULT_SOURCE   conftest.c -lncurses -ltinfo -lasound -lm -ldl -lpthread >&5
configure:8787: $? = 0
configure:8799: checking for curses NLS support
configure:8826: result: no
configure:8840: checking for sys/types.h
configure:8840: gcc -c -g -O2 -D_GNU_SOURCE -D_DEFAULT_SOURCE  conftest.c >&5
configure:8840: $? = 0
configure:8840: result: yes
configure:8840: checking for sys/stat.h
configure:8840: gcc -c -g -O2 -D_GNU_SOURCE -D_DEFAULT_SOURCE  conftest.c >&5
configure:8840: $? = 0
configure:8840: result: yes
configure:8840: checking for stdlib.h
configure:8840: gcc -c -g -O2 -D_GNU_SOURCE -D_DEFAULT_SOURCE  conftest.c >&5
configure:8840: $? = 0
configure:8840: result: yes
configure:8840: checking for string.h
configure:8840: gcc -c -g -O2 -D_GNU_SOURCE -D_DEFAULT_SOURCE  conftest.c >&5
configure:8840: $? = 0
configure:8840: result: yes
configure:8840: checking for memory.h
configure:8840: gcc -c -g -O2 -D_GNU_SOURCE -D_DEFAULT_SOURCE  conftest.c >&5
configure:8840: $? = 0
configure:8840: result: yes
configure:8840: checking for strings.h
configure:8840: gcc -c -g -O2 -D_GNU_SOURCE -D_DEFAULT_SOURCE  conftest.c >&5
configure:8840: $? = 0
configure:8840: result: yes
configure:8840: checking for inttypes.h
configure:8840: gcc -c -g -O2 -D_GNU_SOURCE -D_DEFAULT_SOURCE  conftest.c >&5
configure:8840: $? = 0
configure:8840: result: yes
configure:8840: checking for stdint.h
configure:8840: gcc -c -g -O2 -D_GNU_SOURCE -D_DEFAULT_SOURCE  conftest.c >&5
configure:8840: $? = 0
configure:8840: result: yes
configure:8840: checking for unistd.h
configure:8840: gcc -c -g -O2 -D_GNU_SOURCE -D_DEFAULT_SOURCE  conftest.c >&5
configure:8840: $? = 0
configure:8840: result: yes
configure:8855: checking panel.h usability
configure:8855: gcc -c -g -O2 -D_GNU_SOURCE -D_DEFAULT_SOURCE  conftest.c >&5
configure:8855: $? = 0
configure:8855: result: yes
configure:8855: checking panel.h presence
configure:8855: gcc -E  conftest.c
configure:8855: $? = 0
configure:8855: result: yes
configure:8855: checking for panel.h
configure:8855: result: yes
configure:8855: checking menu.h usability
configure:8855: gcc -c -g -O2 -D_GNU_SOURCE -D_DEFAULT_SOURCE  conftest.c >&5
configure:8855: $? = 0
configure:8855: result: yes
configure:8855: checking menu.h presence
configure:8855: gcc -E  conftest.c
configure:8855: $? = 0
configure:8855: result: yes
configure:8855: checking for menu.h
configure:8855: result: yes
configure:8855: checking form.h usability
configure:8855: gcc -c -g -O2 -D_GNU_SOURCE -D_DEFAULT_SOURCE  conftest.c >&5
configure:8855: $? = 0
configure:8855: result: yes
configure:8855: checking form.h presence
configure:8855: gcc -E  conftest.c
configure:8855: $? = 0
configure:8855: result: yes
configure:8855: checking for form.h
configure:8855: result: yes
configure:8868: checking for new_panel in -lpanel
configure:8893: gcc -o conftest -g -O2 -D_GNU_SOURCE -D_DEFAULT_SOURCE   conftest.c -lpanel  -lncurses -ltinfo -lasound -lm -ldl -lpthread >&5
configure:8893: $? = 0
configure:8903: result: yes
configure:8912: checking for new_menu in -lmenu
configure:8937: gcc -o conftest -g -O2 -D_GNU_SOURCE -D_DEFAULT_SOURCE   conftest.c -lmenu  -lncurses -ltinfo -lasound -lm -ldl -lpthread >&5
configure:8937: $? = 0
configure:8947: result: yes
configure:8956: checking for new_form in -lform
configure:8981: gcc -o conftest -g -O2 -D_GNU_SOURCE -D_DEFAULT_SOURCE   conftest.c -lform  -lncurses -ltinfo -lasound -lm -ldl -lpthread >&5
configure:8981: $? = 0
configure:8991: result: yes
configure:9008: checking for curses linker flags
configure:9010: result: -lform -lmenu -lpanel -lncurses -ltinfo
configure:9054: checking for an ANSI C-conforming const
configure:9120: gcc -c -g -O2  conftest.c >&5
configure:9120: $? = 0
configure:9127: result: yes
configure:9135: checking for inline
configure:9151: gcc -c -g -O2  conftest.c >&5
configure:9151: $? = 0
configure:9159: result: inline
configure:9177: checking whether time.h and sys/time.h may both be included
configure:9197: gcc -c -g -O2  conftest.c >&5
configure:9197: $? = 0
configure:9204: result: yes
configure:9214: checking whether gcc needs -traditional
configure:9248: result: no
configure:9263: checking for special C compiler options needed for large files
configure:9308: result: no
configure:9314: checking for _FILE_OFFSET_BITS value needed for large files
configure:9339: gcc -c -g -O2  conftest.c >&5
conftest.c:49:33: warning: left shift count >= width of type [-Wshift-count-overflow]
 #define LARGE_OFF_T (((off_t) 1 << 62) - 1 + ((off_t) 1 << 62))
                                 ^
conftest.c:50:23: note: in expansion of macro 'LARGE_OFF_T'
   int off_t_is_large[(LARGE_OFF_T % 2147483629 == 721
                       ^~~~~~~~~~~
conftest.c:49:57: warning: left shift count >= width of type [-Wshift-count-overflow]
 #define LARGE_OFF_T (((off_t) 1 << 62) - 1 + ((off_t) 1 << 62))
                                                         ^
conftest.c:50:23: note: in expansion of macro 'LARGE_OFF_T'
   int off_t_is_large[(LARGE_OFF_T % 2147483629 == 721
                       ^~~~~~~~~~~
conftest.c:49:33: warning: left shift count >= width of type [-Wshift-count-overflow]
 #define LARGE_OFF_T (((off_t) 1 << 62) - 1 + ((off_t) 1 << 62))
                                 ^
conftest.c:51:13: note: in expansion of macro 'LARGE_OFF_T'
          && LARGE_OFF_T % 2147483647 == 1)
             ^~~~~~~~~~~
conftest.c:49:57: warning: left shift count >= width of type [-Wshift-count-overflow]
 #define LARGE_OFF_T (((off_t) 1 << 62) - 1 + ((off_t) 1 << 62))
                                                         ^
conftest.c:51:13: note: in expansion of macro 'LARGE_OFF_T'
          && LARGE_OFF_T % 2147483647 == 1)
             ^~~~~~~~~~~
conftest.c:50:7: error: variably modified 'off_t_is_large' at file scope
   int off_t_is_large[(LARGE_OFF_T % 2147483629 == 721
       ^~~~~~~~~~~~~~
configure:9339: $? = 1
configure: failed program was:
| /* confdefs.h */
| #define PACKAGE_NAME "alsa-utils"
| #define PACKAGE_TARNAME "alsa-utils"
| #define PACKAGE_VERSION "1.1.3"
| #define PACKAGE_STRING "alsa-utils 1.1.3"
| #define PACKAGE_BUGREPORT ""
| #define PACKAGE_URL ""
| #define PACKAGE "alsa-utils"
| #define VERSION "1.1.3"
| #define ENABLE_NLS 1
| #define HAVE_GETTEXT 1
| #define HAVE_DCGETTEXT 1
| #define HAVE_LIBASOUND 1
| #define HAVE_ALSA_PCM_H 1
| #define HAVE_ALSA_MIXER_H 1
| #define HAVE_ALSA_RAWMIDI_H 1
| #define HAVE_ALSA_SEQ_H 1
| #define HAVE_ALSA_USE_CASE_H 1
| #define HAVE_ALSA_TOPOLOGY_H 1
| #define HAVE_SEQ_CLIENT_INFO_GET_CARD 1
| #define HAVE_SEQ_CLIENT_INFO_GET_PID 1
| #define HAVE_LIBM 1
| #define HAVE_LIBPTHREAD 1
| #define HAVE_LIBRT 1
| #define HAVE_CLOCK_GETTIME 1
| #define STDC_HEADERS 1
| #define HAVE_CURSES_ESCDELAY 1
| #define HAVE_SYS_TYPES_H 1
| #define HAVE_SYS_STAT_H 1
| #define HAVE_STDLIB_H 1
| #define HAVE_STRING_H 1
| #define HAVE_MEMORY_H 1
| #define HAVE_STRINGS_H 1
| #define HAVE_INTTYPES_H 1
| #define HAVE_STDINT_H 1
| #define HAVE_UNISTD_H 1
| #define HAVE_PANEL_H 1
| #define HAVE_MENU_H 1
| #define HAVE_FORM_H 1
| #define SOUNDSDIR "/usr/share/sounds/alsa"
| #define DATADIR "/usr/share/alsa"
| #define TIME_WITH_SYS_TIME 1
| /* end confdefs.h.  */
| #include <sys/types.h>
|  /* Check that off_t can represent 2**63 - 1 correctly.
|     We can't simply define LARGE_OFF_T to be 9223372036854775807,
|     since some C++ compilers masquerading as C compilers
|     incorrectly reject 9223372036854775807.  */
| #define LARGE_OFF_T (((off_t) 1 << 62) - 1 + ((off_t) 1 << 62))
|   int off_t_is_large[(LARGE_OFF_T % 2147483629 == 721
| 		       && LARGE_OFF_T % 2147483647 == 1)
| 		      ? 1 : -1];
| int
| main ()
| {
| 
|   ;
|   return 0;
| }
configure:9363: gcc -c -g -O2  conftest.c >&5
configure:9363: $? = 0
configure:9371: result: 64
configure:9648: checking that generated files are newer than configure
configure:9654: result: done
configure:9749: creating ./config.status

## ---------------- ##
## Cache variables. ##
## ---------------- ##

ac_cv_build=armv7l-unknown-linux-gnueabihf
ac_cv_c_compiler_gnu=yes
ac_cv_c_const=yes
ac_cv_c_inline=inline
ac_cv_env_CC_set=
ac_cv_env_CC_value=
ac_cv_env_CFLAGS_set=
ac_cv_env_CFLAGS_value=
ac_cv_env_CPPFLAGS_set=
ac_cv_env_CPPFLAGS_value=
ac_cv_env_CPP_set=
ac_cv_env_CPP_value=
ac_cv_env_LDFLAGS_set=
ac_cv_env_LDFLAGS_value=
ac_cv_env_LIBS_set=
ac_cv_env_LIBS_value=
ac_cv_env_NCURSESW_CFLAGS_set=
ac_cv_env_NCURSESW_CFLAGS_value=
ac_cv_env_NCURSESW_LIBS_set=
ac_cv_env_NCURSESW_LIBS_value=
ac_cv_env_NCURSES_CFLAGS_set=
ac_cv_env_NCURSES_CFLAGS_value=
ac_cv_env_NCURSES_LIBS_set=
ac_cv_env_NCURSES_LIBS_value=
ac_cv_env_PKG_CONFIG_LIBDIR_set=
ac_cv_env_PKG_CONFIG_LIBDIR_value=
ac_cv_env_PKG_CONFIG_PATH_set=
ac_cv_env_PKG_CONFIG_PATH_value=
ac_cv_env_PKG_CONFIG_set=
ac_cv_env_PKG_CONFIG_value=
ac_cv_env_build_alias_set=
ac_cv_env_build_alias_value=
ac_cv_env_host_alias_set=
ac_cv_env_host_alias_value=
ac_cv_env_target_alias_set=
ac_cv_env_target_alias_value=
ac_cv_func_snd_ctl_elem_add_enumerated=yes
ac_cv_header_alsa_mixer_h=yes
ac_cv_header_alsa_pcm_h=yes
ac_cv_header_alsa_rawmidi_h=yes
ac_cv_header_alsa_seq_h=yes
ac_cv_header_alsa_topology_h=yes
ac_cv_header_alsa_use_case_h=yes
ac_cv_header_form_h=yes
ac_cv_header_inttypes_h=yes
ac_cv_header_memory_h=yes
ac_cv_header_menu_h=yes
ac_cv_header_panel_h=yes
ac_cv_header_samplerate_h=no
ac_cv_header_stdc=yes
ac_cv_header_stdint_h=yes
ac_cv_header_stdlib_h=yes
ac_cv_header_string_h=yes
ac_cv_header_strings_h=yes
ac_cv_header_sys_stat_h=yes
ac_cv_header_sys_types_h=yes
ac_cv_header_time=yes
ac_cv_header_unistd_h=yes
ac_cv_host=armv7l-unknown-linux-gnueabihf
ac_cv_lib_asound_snd_ctl_open=yes
ac_cv_lib_asound_snd_seq_client_info_get_card=yes
ac_cv_lib_asound_snd_seq_client_info_get_pid=yes
ac_cv_lib_fftw3f_fftwf_malloc=no
ac_cv_lib_form___new_form=yes
ac_cv_lib_m_sqrtf=yes
ac_cv_lib_menu___new_menu=yes
ac_cv_lib_ncursesw_initscr=no
ac_cv_lib_panel___new_panel=yes
ac_cv_lib_pthread_pthread_create=yes
ac_cv_lib_rt_clock_gettime=yes
ac_cv_objext=o
ac_cv_path_EGREP='/bin/grep -E'
ac_cv_path_GMSGFMT=:
ac_cv_path_GREP=/bin/grep
ac_cv_path_MSGFMT=:
ac_cv_path_MSGMERGE=:
ac_cv_path_SED=/bin/sed
ac_cv_path_XGETTEXT=:
ac_cv_path_ac_pt_PKG_CONFIG=/usr/bin/pkg-config
ac_cv_path_install='/usr/bin/install -c'
ac_cv_path_mkdir=/bin/mkdir
ac_cv_prog_AWK=mawk
ac_cv_prog_CPP='gcc -E'
ac_cv_prog_ac_ct_CC=gcc
ac_cv_prog_cc_c89=
ac_cv_prog_cc_g=yes
ac_cv_prog_gcc_traditional=no
ac_cv_prog_make_make_set=yes
ac_cv_sys_file_offset_bits=64
ac_cv_sys_largefile_CC=no
acl_cv_hardcode_direct=no
acl_cv_hardcode_libdir_flag_spec='${wl}-rpath ${wl}$libdir'
acl_cv_hardcode_libdir_separator=
acl_cv_hardcode_minus_L=no
acl_cv_libext=a
acl_cv_libname_spec='lib$name'
acl_cv_library_names_spec='$libname$shrext'
acl_cv_path_LD=/usr/bin/ld
acl_cv_prog_gnu_ld=yes
acl_cv_rpath=done
acl_cv_shlibext=so
acl_cv_wl=-Wl,
am_cv_CC_dependencies_compiler_type=gcc3
gt_cv_func_CFLocaleCopyCurrent=no
gt_cv_func_CFPreferencesCopyAppValue=no
gt_cv_func_gnugettext1_libc=yes
pkg_cv_NCURSES_CFLAGS='-D_GNU_SOURCE -D_DEFAULT_SOURCE'
pkg_cv_NCURSES_LIBS='-lncurses -ltinfo'

## ----------------- ##
## Output variables. ##
## ----------------- ##

ACLOCAL='${SHELL} /home/pi/alsa-utils-1.1.3/missing --run aclocal-1.12'
ALSACONF_FALSE='#'
ALSACONF_TRUE=''
ALSACTL_DAEMONSWITCH='/etc/alsa/state-daemon.conf'
ALSACTL_PIDFILE_DIR='/var/run'
ALSALOOP_FALSE='#'
ALSALOOP_TRUE=''
ALSAMIXER_FALSE='#'
ALSAMIXER_TRUE=''
ALSA_CFLAGS=''
ALSA_LIBS=' -lasound -lm -ldl -lpthread'
AMDEPBACKSLASH='\'
AMDEP_FALSE='#'
AMDEP_TRUE=''
AMTAR='$${TAR-tar}'
ASOUND_LOCK_DIR='/var/lock'
ASOUND_STATE_DIR='/var/lib/alsa'
AUTOCONF='${SHELL} /home/pi/alsa-utils-1.1.3/missing --run autoconf'
AUTOHEADER='${SHELL} /home/pi/alsa-utils-1.1.3/missing --run autoheader'
AUTOMAKE='${SHELL} /home/pi/alsa-utils-1.1.3/missing --run automake-1.12'
AWK='mawk'
BAT_FALSE='#'
BAT_TRUE=''
CC='gcc'
CCDEPMODE='depmode=gcc3'
CFLAGS='-g -O2'
CPP='gcc -E'
CPPFLAGS=''
CURSESINC='<ncurses.h>'
CURSESLIB='-lform -lmenu -lpanel -lncurses -ltinfo'
CURSES_CFLAGS='-D_GNU_SOURCE -D_DEFAULT_SOURCE'
CYGPATH_W='echo'
DEFS='-DHAVE_CONFIG_H'
DEPDIR='.deps'
ECHO_C=''
ECHO_N='-n'
ECHO_T=''
EGREP='/bin/grep -E'
EXEEXT=''
FFTW_CFLAGS='-g -O2'
FFTW_INC=''
FFTW_LIB='-lpthread -lm -lasound -lm -ldl -lpthread'
GETTEXT_MACRO_VERSION='0.18'
GMSGFMT=':'
GMSGFMT_015=':'
GREP='/bin/grep'
HAVE_LIBFFTW3_FALSE=''
HAVE_LIBFFTW3_TRUE='#'
HAVE_LIBTINYALSA_FALSE=''
HAVE_LIBTINYALSA_TRUE='#'
HAVE_MIXER_FALSE='#'
HAVE_MIXER_TRUE=''
HAVE_PCM_FALSE='#'
HAVE_PCM_TRUE=''
HAVE_RAWMIDI_FALSE='#'
HAVE_RAWMIDI_TRUE=''
HAVE_SAMPLERATE_FALSE=''
HAVE_SAMPLERATE_TRUE='#'
HAVE_SEQ_FALSE='#'
HAVE_SEQ_TRUE=''
HAVE_SYSTEMD_FALSE='#'
HAVE_SYSTEMD_TRUE=''
HAVE_TOPOLOGY_FALSE='#'
HAVE_TOPOLOGY_TRUE=''
HAVE_UCM_FALSE='#'
HAVE_UCM_TRUE=''
INSTALL_DATA='${INSTALL} -m 644'
INSTALL_PROGRAM='${INSTALL}'
INSTALL_SCRIPT='${INSTALL}'
INSTALL_STRIP_PROGRAM='$(install_sh) -c -s'
INTLLIBS=''
INTL_MACOSX_LIBS=''
LDFLAGS=''
LIBICONV='-liconv'
LIBINTL=''
LIBOBJS=''
LIBRT='-lrt'
LIBS='-lasound -lm -ldl -lpthread'
LN_S='ln -s'
LTLIBICONV='-liconv'
LTLIBINTL=''
LTLIBOBJS=''
MAINT=''
MAINTAINER_MODE_FALSE='#'
MAINTAINER_MODE_TRUE=''
MAKEINFO='${SHELL} /home/pi/alsa-utils-1.1.3/missing --run makeinfo'
MKDIR_P='/bin/mkdir -p'
MSGFMT=':'
MSGFMT_015=':'
MSGMERGE=':'
NCURSESW_CFLAGS=''
NCURSESW_LIBS=''
NCURSES_CFLAGS='-D_GNU_SOURCE -D_DEFAULT_SOURCE'
NCURSES_LIBS='-lncurses -ltinfo'
OBJEXT='o'
PACKAGE='alsa-utils'
PACKAGE_BUGREPORT=''
PACKAGE_NAME='alsa-utils'
PACKAGE_STRING='alsa-utils 1.1.3'
PACKAGE_TARNAME='alsa-utils'
PACKAGE_URL=''
PACKAGE_VERSION='1.1.3'
PATH_SEPARATOR=':'
PKG_CONFIG='/usr/bin/pkg-config'
PKG_CONFIG_LIBDIR=''
PKG_CONFIG_PATH=''
POSUB='po'
SED='/bin/sed'
SET_MAKE=''
SHELL='/bin/bash'
SND_UTIL_MAJOR='1'
SND_UTIL_MINOR='1'
SND_UTIL_SUBMINOR='3'
SND_UTIL_VERSION='1.1.3'
STRIP=''
TESTSOUND='/usr/share/test.wav'
USE_NLS='yes'
USE_RST2MAN_FALSE=''
USE_RST2MAN_TRUE='#'
USE_XMLTO_FALSE=''
USE_XMLTO_TRUE='#'
VERSION='1.1.3'
XGETTEXT=':'
XGETTEXT_015=':'
XGETTEXT_EXTRA_OPTIONS=''
ac_ct_CC='gcc'
am__EXEEXT_FALSE=''
am__EXEEXT_TRUE='#'
am__fastdepCC_FALSE='#'
am__fastdepCC_TRUE=''
am__include='include'
am__isrc=''
am__leading_dot='.'
am__nodep='_no'
am__quote=''
am__tar='$${TAR-tar} chof - "$$tardir"'
am__untar='$${TAR-tar} xf -'
bindir='${exec_prefix}/bin'
build='armv7l-unknown-linux-gnueabihf'
build_alias=''
build_cpu='armv7l'
build_os='linux-gnueabihf'
build_vendor='unknown'
datadir='${datarootdir}'
datarootdir='${prefix}/share'
docdir='${datarootdir}/doc/${PACKAGE_TARNAME}'
dvidir='${docdir}'
exec_prefix='${prefix}'
host='armv7l-unknown-linux-gnueabihf'
host_alias=''
host_cpu='armv7l'
host_os='linux-gnueabihf'
host_vendor='unknown'
htmldir='${docdir}'
includedir='${prefix}/include'
infodir='${datarootdir}/info'
install_sh='${SHELL} /home/pi/alsa-utils-1.1.3/install-sh'
libdir='${exec_prefix}/lib'
libexecdir='${exec_prefix}/libexec'
localedir='${datarootdir}/locale'
localstatedir='${prefix}/var'
mandir='${datarootdir}/man'
mkdir_p='/bin/mkdir -p'
mydatadir='/usr/share/alsa'
ncurses5_config=''
ncursesw5_config=''
oldincludedir='/usr/include'
pdfdir='${docdir}'
prefix='/usr'
program_transform_name='s,x,x,'
psdir='${docdir}'
rst2man_available=''
sbindir='${exec_prefix}/sbin'
sharedstatedir='${prefix}/com'
sysconfdir='${prefix}/etc'
systemdsystemunitdir='/lib/systemd/system'
target_alias=''
udevrulesdir='/lib/udev/rules.d'
xmlto_available=''

## ----------- ##
## confdefs.h. ##
## ----------- ##

/* confdefs.h */
#define PACKAGE_NAME "alsa-utils"
#define PACKAGE_TARNAME "alsa-utils"
#define PACKAGE_VERSION "1.1.3"
#define PACKAGE_STRING "alsa-utils 1.1.3"
#define PACKAGE_BUGREPORT ""
#define PACKAGE_URL ""
#define PACKAGE "alsa-utils"
#define VERSION "1.1.3"
#define ENABLE_NLS 1
#define HAVE_GETTEXT 1
#define HAVE_DCGETTEXT 1
#define HAVE_LIBASOUND 1
#define HAVE_ALSA_PCM_H 1
#define HAVE_ALSA_MIXER_H 1
#define HAVE_ALSA_RAWMIDI_H 1
#define HAVE_ALSA_SEQ_H 1
#define HAVE_ALSA_USE_CASE_H 1
#define HAVE_ALSA_TOPOLOGY_H 1
#define HAVE_SEQ_CLIENT_INFO_GET_CARD 1
#define HAVE_SEQ_CLIENT_INFO_GET_PID 1
#define HAVE_LIBM 1
#define HAVE_LIBPTHREAD 1
#define HAVE_LIBRT 1
#define HAVE_CLOCK_GETTIME 1
#define STDC_HEADERS 1
#define HAVE_CURSES_ESCDELAY 1
#define HAVE_SYS_TYPES_H 1
#define HAVE_SYS_STAT_H 1
#define HAVE_STDLIB_H 1
#define HAVE_STRING_H 1
#define HAVE_MEMORY_H 1
#define HAVE_STRINGS_H 1
#define HAVE_INTTYPES_H 1
#define HAVE_STDINT_H 1
#define HAVE_UNISTD_H 1
#define HAVE_PANEL_H 1
#define HAVE_MENU_H 1
#define HAVE_FORM_H 1
#define SOUNDSDIR "/usr/share/sounds/alsa"
#define DATADIR "/usr/share/alsa"
#define TIME_WITH_SYS_TIME 1
#define _FILE_OFFSET_BITS 64
#define VERSION "1.1.3"

configure: exit 0

## ---------------------- ##
## Running config.status. ##
## ---------------------- ##

This file was extended by alsa-utils config.status 1.1.3, which was
generated by GNU Autoconf 2.69.  Invocation command line was

  CONFIG_FILES    = 
  CONFIG_HEADERS  = 
  CONFIG_LINKS    = 
  CONFIG_COMMANDS = 
  $ ./config.status 

on tarina

config.status:1004: creating Makefile
config.status:1004: creating alsactl/Makefile
config.status:1004: creating alsactl/init/Makefile
config.status:1004: creating alsamixer/Makefile
config.status:1004: creating amidi/Makefile
config.status:1004: creating amixer/Makefile
config.status:1004: creating m4/Makefile
config.status:1004: creating po/Makefile.in
config.status:1004: creating alsaconf/alsaconf
config.status:1004: creating alsaconf/Makefile
config.status:1004: creating alsaconf/po/Makefile
config.status:1112: WARNING:  'alsaconf/po/Makefile.in' seems to ignore the --datarootdir setting
config.status:1004: creating alsaucm/Makefile
config.status:1004: creating topology/Makefile
config.status:1004: creating bat/Makefile
config.status:1004: creating bat/tests/Makefile
config.status:1004: creating bat/tests/asound_state/Makefile
config.status:1004: creating aplay/Makefile
config.status:1004: creating include/Makefile
config.status:1004: creating iecset/Makefile
config.status:1004: creating utils/Makefile
config.status:1004: creating utils/alsa-utils.spec
config.status:1004: creating seq/Makefile
config.status:1004: creating seq/aconnect/Makefile
config.status:1004: creating seq/aplaymidi/Makefile
config.status:1004: creating seq/aseqdump/Makefile
config.status:1004: creating seq/aseqnet/Makefile
config.status:1004: creating speaker-test/Makefile
config.status:1004: creating speaker-test/samples/Makefile
config.status:1004: creating alsaloop/Makefile
config.status:1004: creating alsa-info/Makefile
config.status:1004: creating include/aconfig.h
config.status:1185: include/aconfig.h is unchanged
config.status:1233: executing po-directories commands
config.status:1233: executing depfiles commands
