This file contains any messages produced by compilers while
running configure, to aid debugging if configure makes a mistake.

It was created by configure, which was
generated by GNU Autoconf 2.69.  Invocation command line was

  $ ./configure --no-create --no-recursion

## --------- ##
## Platform. ##
## --------- ##

hostname = tarina
uname -m = armv7l
uname -r = 4.14.61-v7+
uname -s = Linux
uname -v = #1133 SMP Fri Aug 10 11:04:43 BST 2018

/usr/bin/uname -p = unknown
/bin/uname -X     = unknown

/bin/arch              = unknown
/usr/bin/arch -k       = unknown
/usr/convex/getsysinfo = unknown
/usr/bin/hostinfo      = unknown
/bin/machine           = unknown
/usr/bin/oslevel       = unknown
/bin/universe          = unknown

PATH: /usr/local/sbin
PATH: /usr/local/bin
PATH: /usr/sbin
PATH: /usr/bin
PATH: /sbin
PATH: /bin
PATH: /usr/local/games
PATH: /usr/games


## ----------- ##
## Core tests. ##
## ----------- ##

configure:2300: checking for a BSD-compatible install
configure:2368: result: /usr/bin/install -c
configure:2379: checking whether build environment is sane
configure:2429: result: yes
configure:2570: checking for a thread-safe mkdir -p
configure:2609: result: /bin/mkdir -p
configure:2622: checking for gawk
configure:2652: result: no
configure:2622: checking for mawk
configure:2638: found /usr/bin/mawk
configure:2649: result: mawk
configure:2660: checking whether make sets $(MAKE)
configure:2682: result: yes
configure:2764: checking whether NLS is requested
configure:2773: result: yes
configure:2814: checking for msgfmt
configure:2849: result: no
configure:2855: checking for gmsgfmt
configure:2886: result: :
configure:2937: checking for xgettext
configure:2972: result: no
configure:3015: checking for msgmerge
configure:3049: result: no
configure:3091: checking for style of include used by make
configure:3119: result: GNU
configure:3190: checking for gcc
configure:3206: found /usr/bin/gcc
configure:3217: result: gcc
configure:3446: checking for C compiler version
configure:3455: gcc --version >&5
gcc (Raspbian 6.3.0-18+rpi1+deb9u1) 6.3.0 20170516
Copyright (C) 2016 Free Software Foundation, Inc.
This is free software; see the source for copying conditions.  There is NO
warranty; not even for MERCHANTABILITY or FITNESS FOR A PARTICULAR PURPOSE.

configure:3466: $? = 0
configure:3455: gcc -v >&5
Using built-in specs.
COLLECT_GCC=gcc
COLLECT_LTO_WRAPPER=/usr/lib/gcc/arm-linux-gnueabihf/6/lto-wrapper
Target: arm-linux-gnueabihf
Configured with: ../src/configure -v --with-pkgversion='Raspbian 6.3.0-18+rpi1+deb9u1' --with-bugurl=file:///usr/share/doc/gcc-6/README.Bugs --enable-languages=c,ada,c++,java,go,d,fortran,objc,obj-c++ --prefix=/usr --program-suffix=-6 --program-prefix=arm-linux-gnueabihf- --enable-shared --enable-linker-build-id --libexecdir=/usr/lib --without-included-gettext --enable-threads=posix --libdir=/usr/lib --enable-nls --with-sysroot=/ --enable-clocale=gnu --enable-libstdcxx-debug --enable-libstdcxx-time=yes --with-default-libstdcxx-abi=new --enable-gnu-unique-object --disable-libitm --disable-libquadmath --enable-plugin --with-system-zlib --disable-browser-plugin --enable-java-awt=gtk --enable-gtk-cairo --with-java-home=/usr/lib/jvm/java-1.5.0-gcj-6-armhf/jre --enable-java-home --with-jvm-root-dir=/usr/lib/jvm/java-1.5.0-gcj-6-armhf --with-jvm-jar-dir=/usr/lib/jvm-exports/java-1.5.0-gcj-6-armhf --with-arch-directory=arm --with-ecj-jar=/usr/share/java/eclipse-ecj.jar --with-target-system-zlib --enable-objc-gc=auto --enable-multiarch --disable-sjlj-exceptions --with-arch=armv6 --with-fpu=vfp --with-float=hard --enable-checking=release --build=arm-linux-gnueabihf --host=arm-linux-gnueabihf --target=arm-linux-gnueabihf
Thread model: posix
gcc version 6.3.0 20170516 (Raspbian 6.3.0-18+rpi1+deb9u1) 
configure:3466: $? = 0
configure:3455: gcc -V >&5
gcc: error: unrecognized command line option '-V'
gcc: fatal error: no input files
compilation terminated.
configure:3466: $? = 1
configure:3455: gcc -qversion >&5
gcc: error: unrecognized command line option '-qversion'; did you mean '--version'?
gcc: fatal error: no input files
compilation terminated.
configure:3466: $? = 1
configure:3486: checking whether the C compiler works
configure:3508: gcc    conftest.c  >&5
configure:3512: $? = 0
configure:3560: result: yes
configure:3563: checking for C compiler default output file name
configure:3565: result: a.out
configure:3571: checking for suffix of executables
configure:3578: gcc -o conftest    conftest.c  >&5
configure:3582: $? = 0
configure:3604: result: 
configure:3626: checking whether we are cross compiling
configure:3634: gcc -o conftest    conftest.c  >&5
configure:3638: $? = 0
configure:3645: ./conftest
configure:3649: $? = 0
configure:3664: result: no
configure:3669: checking for suffix of object files
configure:3691: gcc -c   conftest.c >&5
configure:3695: $? = 0
configure:3716: result: o
configure:3720: checking whether we are using the GNU C compiler
configure:3739: gcc -c   conftest.c >&5
configure:3739: $? = 0
configure:3748: result: yes
configure:3757: checking whether gcc accepts -g
configure:3777: gcc -c -g  conftest.c >&5
configure:3777: $? = 0
configure:3818: result: yes
configure:3835: checking for gcc option to accept ISO C89
configure:3898: gcc  -c -g -O2  conftest.c >&5
configure:3898: $? = 0
configure:3911: result: none needed
configure:3933: checking dependency style of gcc
configure:4044: result: gcc3
configure:4063: checking build system type
configure:4077: result: armv7l-unknown-linux-gnueabi
configure:4097: checking host system type
configure:4110: result: armv7l-unknown-linux-gnueabi
configure:4154: checking for ld used by GCC
configure:4218: result: /usr/bin/ld
configure:4225: checking if the linker (/usr/bin/ld) is GNU ld
configure:4238: result: yes
configure:4245: checking for shared library run path origin
configure:4258: result: done
configure:4283: checking how to run the C preprocessor
configure:4314: gcc -E  conftest.c
configure:4314: $? = 0
configure:4328: gcc -E  conftest.c
conftest.c:11:28: fatal error: ac_nonexistent.h: No such file or directory
 #include <ac_nonexistent.h>
                            ^
compilation terminated.
configure:4328: $? = 1
configure: failed program was:
| /* confdefs.h */
| #define PACKAGE_NAME ""
| #define PACKAGE_TARNAME ""
| #define PACKAGE_VERSION ""
| #define PACKAGE_STRING ""
| #define PACKAGE_BUGREPORT ""
| #define PACKAGE_URL ""
| #define PACKAGE "alsa-utils"
| #define VERSION "1.0.25"
| /* end confdefs.h.  */
| #include <ac_nonexistent.h>
configure:4353: result: gcc -E
configure:4373: gcc -E  conftest.c
configure:4373: $? = 0
configure:4387: gcc -E  conftest.c
conftest.c:11:28: fatal error: ac_nonexistent.h: No such file or directory
 #include <ac_nonexistent.h>
                            ^
compilation terminated.
configure:4387: $? = 1
configure: failed program was:
| /* confdefs.h */
| #define PACKAGE_NAME ""
| #define PACKAGE_TARNAME ""
| #define PACKAGE_VERSION ""
| #define PACKAGE_STRING ""
| #define PACKAGE_BUGREPORT ""
| #define PACKAGE_URL ""
| #define PACKAGE "alsa-utils"
| #define VERSION "1.0.25"
| /* end confdefs.h.  */
| #include <ac_nonexistent.h>
configure:4416: checking for grep that handles long lines and -e
configure:4474: result: /bin/grep
configure:4479: checking for egrep
configure:4541: result: /bin/grep -E
configure:5099: checking for CFPreferencesCopyAppValue
configure:5117: gcc -o conftest -g -O2   conftest.c  -Wl,-framework -Wl,CoreFoundation >&5
conftest.c:11:42: fatal error: CoreFoundation/CFPreferences.h: No such file or directory
 #include <CoreFoundation/CFPreferences.h>
                                          ^
compilation terminated.
configure:5117: $? = 1
configure: failed program was:
| /* confdefs.h */
| #define PACKAGE_NAME ""
| #define PACKAGE_TARNAME ""
| #define PACKAGE_VERSION ""
| #define PACKAGE_STRING ""
| #define PACKAGE_BUGREPORT ""
| #define PACKAGE_URL ""
| #define PACKAGE "alsa-utils"
| #define VERSION "1.0.25"
| /* end confdefs.h.  */
| #include <CoreFoundation/CFPreferences.h>
| int
| main ()
| {
| CFPreferencesCopyAppValue(NULL, NULL)
|   ;
|   return 0;
| }
configure:5126: result: no
configure:5133: checking for CFLocaleCopyCurrent
configure:5151: gcc -o conftest -g -O2   conftest.c  -Wl,-framework -Wl,CoreFoundation >&5
conftest.c:11:37: fatal error: CoreFoundation/CFLocale.h: No such file or directory
 #include <CoreFoundation/CFLocale.h>
                                     ^
compilation terminated.
configure:5151: $? = 1
configure: failed program was:
| /* confdefs.h */
| #define PACKAGE_NAME ""
| #define PACKAGE_TARNAME ""
| #define PACKAGE_VERSION ""
| #define PACKAGE_STRING ""
| #define PACKAGE_BUGREPORT ""
| #define PACKAGE_URL ""
| #define PACKAGE "alsa-utils"
| #define VERSION "1.0.25"
| /* end confdefs.h.  */
| #include <CoreFoundation/CFLocale.h>
| int
| main ()
| {
| CFLocaleCopyCurrent();
|   ;
|   return 0;
| }
configure:5160: result: no
configure:5209: checking for GNU gettext in libc
configure:5229: gcc -o conftest -g -O2   conftest.c  >&5
configure:5229: $? = 0
configure:5238: result: yes
configure:6029: checking whether to use NLS
configure:6031: result: yes
configure:6034: checking where the gettext function comes from
configure:6045: result: libc
configure:6107: checking for cross-compiler
configure:6116: result: gcc
configure:6168: checking for gcc
configure:6195: result: gcc
configure:6424: checking for C compiler version
configure:6433: gcc --version >&5
gcc (Raspbian 6.3.0-18+rpi1+deb9u1) 6.3.0 20170516
Copyright (C) 2016 Free Software Foundation, Inc.
This is free software; see the source for copying conditions.  There is NO
warranty; not even for MERCHANTABILITY or FITNESS FOR A PARTICULAR PURPOSE.

configure:6444: $? = 0
configure:6433: gcc -v >&5
Using built-in specs.
COLLECT_GCC=gcc
COLLECT_LTO_WRAPPER=/usr/lib/gcc/arm-linux-gnueabihf/6/lto-wrapper
Target: arm-linux-gnueabihf
Configured with: ../src/configure -v --with-pkgversion='Raspbian 6.3.0-18+rpi1+deb9u1' --with-bugurl=file:///usr/share/doc/gcc-6/README.Bugs --enable-languages=c,ada,c++,java,go,d,fortran,objc,obj-c++ --prefix=/usr --program-suffix=-6 --program-prefix=arm-linux-gnueabihf- --enable-shared --enable-linker-build-id --libexecdir=/usr/lib --without-included-gettext --enable-threads=posix --libdir=/usr/lib --enable-nls --with-sysroot=/ --enable-clocale=gnu --enable-libstdcxx-debug --enable-libstdcxx-time=yes --with-default-libstdcxx-abi=new --enable-gnu-unique-object --disable-libitm --disable-libquadmath --enable-plugin --with-system-zlib --disable-browser-plugin --enable-java-awt=gtk --enable-gtk-cairo --with-java-home=/usr/lib/jvm/java-1.5.0-gcj-6-armhf/jre --enable-java-home --with-jvm-root-dir=/usr/lib/jvm/java-1.5.0-gcj-6-armhf --with-jvm-jar-dir=/usr/lib/jvm-exports/java-1.5.0-gcj-6-armhf --with-arch-directory=arm --with-ecj-jar=/usr/share/java/eclipse-ecj.jar --with-target-system-zlib --enable-objc-gc=auto --enable-multiarch --disable-sjlj-exceptions --with-arch=armv6 --with-fpu=vfp --with-float=hard --enable-checking=release --build=arm-linux-gnueabihf --host=arm-linux-gnueabihf --target=arm-linux-gnueabihf
Thread model: posix
gcc version 6.3.0 20170516 (Raspbian 6.3.0-18+rpi1+deb9u1) 
configure:6444: $? = 0
configure:6433: gcc -V >&5
gcc: error: unrecognized command line option '-V'
gcc: fatal error: no input files
compilation terminated.
configure:6444: $? = 1
configure:6433: gcc -qversion >&5
gcc: error: unrecognized command line option '-qversion'; did you mean '--version'?
gcc: fatal error: no input files
compilation terminated.
configure:6444: $? = 1
configure:6448: checking whether we are using the GNU C compiler
configure:6476: result: yes
configure:6485: checking whether gcc accepts -g
configure:6546: result: yes
configure:6563: checking for gcc option to accept ISO C89
configure:6639: result: none needed
configure:6661: checking dependency style of gcc
configure:6772: result: gcc3
configure:6789: checking whether ln -s works
configure:6793: result: yes
configure:6800: checking for a sed that does not truncate output
configure:6864: result: /bin/sed
configure:6900: checking for ALSA CFLAGS
configure:6906: result: 
configure:6909: checking for ALSA LDFLAGS
configure:6918: result:  -lasound -lm -ldl -lpthread
configure:6922: checking for libasound headers version >= 1.0.24
configure:6984: gcc -c -g -O2  conftest.c >&5
configure:6984: $? = 0
configure:6985: result: found.
configure:7003: checking for snd_ctl_open in -lasound
configure:7028: gcc -o conftest -g -O2   conftest.c -lasound   -lasound -lm -ldl -lpthread  >&5
configure:7028: $? = 0
configure:7037: result: yes
configure:7072: checking for snd_ctl_elem_add_enumerated
configure:7072: gcc -o conftest -g -O2   conftest.c -lasound -lm -ldl -lpthread >&5
configure:7072: $? = 0
configure:7072: result: yes
configure:7082: checking for alsa/pcm.h
configure:7082: gcc -c -g -O2  conftest.c >&5
configure:7082: $? = 0
configure:7082: result: yes
configure:7097: checking for alsa/mixer.h
configure:7097: gcc -c -g -O2  conftest.c >&5
configure:7097: $? = 0
configure:7097: result: yes
configure:7112: checking for alsa/rawmidi.h
configure:7112: gcc -c -g -O2  conftest.c >&5
configure:7112: $? = 0
configure:7112: result: yes
configure:7127: checking for alsa/seq.h
configure:7127: gcc -c -g -O2  conftest.c >&5
configure:7127: $? = 0
configure:7127: result: yes
configure:7142: checking for samplerate.h
configure:7142: gcc -c -g -O2  conftest.c >&5
conftest.c:19:24: fatal error: samplerate.h: No such file or directory
 #include <samplerate.h>
                        ^
compilation terminated.
configure:7142: $? = 1
configure: failed program was:
| /* confdefs.h */
| #define PACKAGE_NAME ""
| #define PACKAGE_TARNAME ""
| #define PACKAGE_VERSION ""
| #define PACKAGE_STRING ""
| #define PACKAGE_BUGREPORT ""
| #define PACKAGE_URL ""
| #define PACKAGE "alsa-utils"
| #define VERSION "1.0.25"
| #define ENABLE_NLS 1
| #define HAVE_GETTEXT 1
| #define HAVE_DCGETTEXT 1
| #define HAVE_LIBASOUND 1
| #define HAVE_ALSA_PCM_H 1
| #define HAVE_ALSA_MIXER_H 1
| #define HAVE_ALSA_RAWMIDI_H 1
| #define HAVE_ALSA_SEQ_H 1
| /* end confdefs.h.  */
| #include <samplerate.h>
| 
| #include <samplerate.h>
configure:7142: result: no
configure:7198: checking for librt
configure:7209: checking for clock_gettime in -lrt
configure:7234: gcc -o conftest -g -O2   conftest.c -lrt  -lasound -lm -ldl -lpthread >&5
configure:7234: $? = 0
configure:7243: result: yes
configure:7340: checking for xmlto
configure:7367: result: yes
configure:7395: checking for ANSI C header files
configure:7415: gcc -c -g -O2  conftest.c >&5
configure:7415: $? = 0
configure:7488: gcc -o conftest -g -O2   conftest.c -lasound -lm -ldl -lpthread >&5
configure:7488: $? = 0
configure:7488: ./conftest
configure:7488: $? = 0
configure:7499: result: yes
configure:7522: checking for ncursesw5-config
configure:7552: result: no
configure:7564: checking for initscr in -lncursesw
configure:7589: gcc -o conftest -g -O2   conftest.c -lncursesw  -lasound -lm -ldl -lpthread >&5
/usr/bin/ld: cannot find -lncursesw
collect2: error: ld returned 1 exit status
configure:7589: $? = 1
configure: failed program was:
| /* confdefs.h */
| #define PACKAGE_NAME ""
| #define PACKAGE_TARNAME ""
| #define PACKAGE_VERSION ""
| #define PACKAGE_STRING ""
| #define PACKAGE_BUGREPORT ""
| #define PACKAGE_URL ""
| #define PACKAGE "alsa-utils"
| #define VERSION "1.0.25"
| #define ENABLE_NLS 1
| #define HAVE_GETTEXT 1
| #define HAVE_DCGETTEXT 1
| #define HAVE_LIBASOUND 1
| #define HAVE_ALSA_PCM_H 1
| #define HAVE_ALSA_MIXER_H 1
| #define HAVE_ALSA_RAWMIDI_H 1
| #define HAVE_ALSA_SEQ_H 1
| #define HAVE_LIBRT 1
| #define HAVE_CLOCK_GETTIME 1
| #define STDC_HEADERS 1
| /* end confdefs.h.  */
| 
| /* Override any GCC internal prototype to avoid an error.
|    Use char because int might match the return type of a GCC
|    builtin and then its argument prototype would still apply.  */
| #ifdef __cplusplus
| extern "C"
| #endif
| char initscr ();
| int
| main ()
| {
| return initscr ();
|   ;
|   return 0;
| }
configure:7598: result: no
configure:7613: checking for ncurses5-config
configure:7629: found /usr/bin/ncurses5-config
configure:7640: result: yes
configure:7743: checking for curses library
configure:7745: result: ncurses
configure:7747: checking for curses header name
configure:7749: result: <ncurses.h>
configure:7751: checking for curses compiler flags
configure:7753: result: -D_GNU_SOURCE -D_DEFAULT_SOURCE
configure:7782: gcc -o conftest -g -O2 -D_GNU_SOURCE -D_DEFAULT_SOURCE   conftest.c -lncurses -ltinfo -lasound -lm -ldl -lpthread >&5
configure:7782: $? = 0
configure:7794: checking for curses NLS support
configure:7821: result: no
configure:7835: checking for sys/types.h
configure:7835: gcc -c -g -O2 -D_GNU_SOURCE -D_DEFAULT_SOURCE  conftest.c >&5
configure:7835: $? = 0
configure:7835: result: yes
configure:7835: checking for sys/stat.h
configure:7835: gcc -c -g -O2 -D_GNU_SOURCE -D_DEFAULT_SOURCE  conftest.c >&5
configure:7835: $? = 0
configure:7835: result: yes
configure:7835: checking for stdlib.h
configure:7835: gcc -c -g -O2 -D_GNU_SOURCE -D_DEFAULT_SOURCE  conftest.c >&5
configure:7835: $? = 0
configure:7835: result: yes
configure:7835: checking for string.h
configure:7835: gcc -c -g -O2 -D_GNU_SOURCE -D_DEFAULT_SOURCE  conftest.c >&5
configure:7835: $? = 0
configure:7835: result: yes
configure:7835: checking for memory.h
configure:7835: gcc -c -g -O2 -D_GNU_SOURCE -D_DEFAULT_SOURCE  conftest.c >&5
configure:7835: $? = 0
configure:7835: result: yes
configure:7835: checking for strings.h
configure:7835: gcc -c -g -O2 -D_GNU_SOURCE -D_DEFAULT_SOURCE  conftest.c >&5
configure:7835: $? = 0
configure:7835: result: yes
configure:7835: checking for inttypes.h
configure:7835: gcc -c -g -O2 -D_GNU_SOURCE -D_DEFAULT_SOURCE  conftest.c >&5
configure:7835: $? = 0
configure:7835: result: yes
configure:7835: checking for stdint.h
configure:7835: gcc -c -g -O2 -D_GNU_SOURCE -D_DEFAULT_SOURCE  conftest.c >&5
configure:7835: $? = 0
configure:7835: result: yes
configure:7835: checking for unistd.h
configure:7835: gcc -c -g -O2 -D_GNU_SOURCE -D_DEFAULT_SOURCE  conftest.c >&5
configure:7835: $? = 0
configure:7835: result: yes
configure:7850: checking panel.h usability
configure:7850: gcc -c -g -O2 -D_GNU_SOURCE -D_DEFAULT_SOURCE  conftest.c >&5
configure:7850: $? = 0
configure:7850: result: yes
configure:7850: checking panel.h presence
configure:7850: gcc -E  conftest.c
configure:7850: $? = 0
configure:7850: result: yes
configure:7850: checking for panel.h
configure:7850: result: yes
configure:7850: checking menu.h usability
configure:7850: gcc -c -g -O2 -D_GNU_SOURCE -D_DEFAULT_SOURCE  conftest.c >&5
configure:7850: $? = 0
configure:7850: result: yes
configure:7850: checking menu.h presence
configure:7850: gcc -E  conftest.c
configure:7850: $? = 0
configure:7850: result: yes
configure:7850: checking for menu.h
configure:7850: result: yes
configure:7850: checking form.h usability
configure:7850: gcc -c -g -O2 -D_GNU_SOURCE -D_DEFAULT_SOURCE  conftest.c >&5
configure:7850: $? = 0
configure:7850: result: yes
configure:7850: checking form.h presence
configure:7850: gcc -E  conftest.c
configure:7850: $? = 0
configure:7850: result: yes
configure:7850: checking for form.h
configure:7850: result: yes
configure:7863: checking for new_panel in -lpanel
configure:7888: gcc -o conftest -g -O2 -D_GNU_SOURCE -D_DEFAULT_SOURCE   conftest.c -lpanel  -lncurses -ltinfo -lasound -lm -ldl -lpthread >&5
configure:7888: $? = 0
configure:7898: result: yes
configure:7907: checking for new_menu in -lmenu
configure:7932: gcc -o conftest -g -O2 -D_GNU_SOURCE -D_DEFAULT_SOURCE   conftest.c -lmenu  -lncurses -ltinfo -lasound -lm -ldl -lpthread >&5
configure:7932: $? = 0
configure:7942: result: yes
configure:7951: checking for new_form in -lform
configure:7976: gcc -o conftest -g -O2 -D_GNU_SOURCE -D_DEFAULT_SOURCE   conftest.c -lform  -lncurses -ltinfo -lasound -lm -ldl -lpthread >&5
configure:7976: $? = 0
configure:7986: result: yes
configure:8003: checking for curses linker flags
configure:8005: result: -lform -lmenu -lpanel -lncurses -ltinfo
configure:8048: checking for an ANSI C-conforming const
configure:8114: gcc -c -g -O2  conftest.c >&5
configure:8114: $? = 0
configure:8121: result: yes
configure:8129: checking for inline
configure:8145: gcc -c -g -O2  conftest.c >&5
configure:8145: $? = 0
configure:8153: result: inline
configure:8171: checking whether time.h and sys/time.h may both be included
configure:8191: gcc -c -g -O2  conftest.c >&5
configure:8191: $? = 0
configure:8198: result: yes
configure:8208: checking whether gcc needs -traditional
configure:8242: result: no
configure:8257: checking for special C compiler options needed for large files
configure:8302: result: no
configure:8308: checking for _FILE_OFFSET_BITS value needed for large files
configure:8333: gcc -c -g -O2  conftest.c >&5
conftest.c:43:33: warning: left shift count >= width of type [-Wshift-count-overflow]
 #define LARGE_OFF_T (((off_t) 1 << 62) - 1 + ((off_t) 1 << 62))
                                 ^
conftest.c:44:23: note: in expansion of macro 'LARGE_OFF_T'
   int off_t_is_large[(LARGE_OFF_T % 2147483629 == 721
                       ^~~~~~~~~~~
conftest.c:43:57: warning: left shift count >= width of type [-Wshift-count-overflow]
 #define LARGE_OFF_T (((off_t) 1 << 62) - 1 + ((off_t) 1 << 62))
                                                         ^
conftest.c:44:23: note: in expansion of macro 'LARGE_OFF_T'
   int off_t_is_large[(LARGE_OFF_T % 2147483629 == 721
                       ^~~~~~~~~~~
conftest.c:43:33: warning: left shift count >= width of type [-Wshift-count-overflow]
 #define LARGE_OFF_T (((off_t) 1 << 62) - 1 + ((off_t) 1 << 62))
                                 ^
conftest.c:45:13: note: in expansion of macro 'LARGE_OFF_T'
          && LARGE_OFF_T % 2147483647 == 1)
             ^~~~~~~~~~~
conftest.c:43:57: warning: left shift count >= width of type [-Wshift-count-overflow]
 #define LARGE_OFF_T (((off_t) 1 << 62) - 1 + ((off_t) 1 << 62))
                                                         ^
conftest.c:45:13: note: in expansion of macro 'LARGE_OFF_T'
          && LARGE_OFF_T % 2147483647 == 1)
             ^~~~~~~~~~~
conftest.c:44:7: error: variably modified 'off_t_is_large' at file scope
   int off_t_is_large[(LARGE_OFF_T % 2147483629 == 721
       ^~~~~~~~~~~~~~
configure:8333: $? = 1
configure: failed program was:
| /* confdefs.h */
| #define PACKAGE_NAME ""
| #define PACKAGE_TARNAME ""
| #define PACKAGE_VERSION ""
| #define PACKAGE_STRING ""
| #define PACKAGE_BUGREPORT ""
| #define PACKAGE_URL ""
| #define PACKAGE "alsa-utils"
| #define VERSION "1.0.25"
| #define ENABLE_NLS 1
| #define HAVE_GETTEXT 1
| #define HAVE_DCGETTEXT 1
| #define HAVE_LIBASOUND 1
| #define HAVE_ALSA_PCM_H 1
| #define HAVE_ALSA_MIXER_H 1
| #define HAVE_ALSA_RAWMIDI_H 1
| #define HAVE_ALSA_SEQ_H 1
| #define HAVE_LIBRT 1
| #define HAVE_CLOCK_GETTIME 1
| #define STDC_HEADERS 1
| #define HAVE_CURSES_ESCDELAY 1
| #define HAVE_SYS_TYPES_H 1
| #define HAVE_SYS_STAT_H 1
| #define HAVE_STDLIB_H 1
| #define HAVE_STRING_H 1
| #define HAVE_MEMORY_H 1
| #define HAVE_STRINGS_H 1
| #define HAVE_INTTYPES_H 1
| #define HAVE_STDINT_H 1
| #define HAVE_UNISTD_H 1
| #define HAVE_PANEL_H 1
| #define HAVE_MENU_H 1
| #define HAVE_FORM_H 1
| #define SOUNDSDIR "/usr/share/sounds/alsa"
| #define DATADIR "/usr/share/alsa"
| #define TIME_WITH_SYS_TIME 1
| /* end confdefs.h.  */
| #include <sys/types.h>
|  /* Check that off_t can represent 2**63 - 1 correctly.
|     We can't simply define LARGE_OFF_T to be 9223372036854775807,
|     since some C++ compilers masquerading as C compilers
|     incorrectly reject 9223372036854775807.  */
| #define LARGE_OFF_T (((off_t) 1 << 62) - 1 + ((off_t) 1 << 62))
|   int off_t_is_large[(LARGE_OFF_T % 2147483629 == 721
| 		       && LARGE_OFF_T % 2147483647 == 1)
| 		      ? 1 : -1];
| int
| main ()
| {
| 
|   ;
|   return 0;
| }
configure:8357: gcc -c -g -O2  conftest.c >&5
configure:8357: $? = 0
configure:8365: result: 64
configure:8524: checking for pkg-config
configure:8542: found /usr/bin/pkg-config
configure:8554: result: /usr/bin/pkg-config
configure:8579: checking pkg-config is at least version 0.9.0
configure:8582: result: yes
configure:8797: creating ./config.status

## ---------------- ##
## Cache variables. ##
## ---------------- ##

ac_cv_build=armv7l-unknown-linux-gnueabi
ac_cv_c_compiler_gnu=yes
ac_cv_c_const=yes
ac_cv_c_inline=inline
ac_cv_env_CC_set=
ac_cv_env_CC_value=
ac_cv_env_CFLAGS_set=
ac_cv_env_CFLAGS_value=
ac_cv_env_CPPFLAGS_set=
ac_cv_env_CPPFLAGS_value=
ac_cv_env_CPP_set=
ac_cv_env_CPP_value=
ac_cv_env_LDFLAGS_set=
ac_cv_env_LDFLAGS_value=
ac_cv_env_LIBS_set=
ac_cv_env_LIBS_value=
ac_cv_env_PKG_CONFIG_LIBDIR_set=
ac_cv_env_PKG_CONFIG_LIBDIR_value=
ac_cv_env_PKG_CONFIG_PATH_set=
ac_cv_env_PKG_CONFIG_PATH_value=
ac_cv_env_PKG_CONFIG_set=
ac_cv_env_PKG_CONFIG_value=
ac_cv_env_build_alias_set=
ac_cv_env_build_alias_value=
ac_cv_env_host_alias_set=
ac_cv_env_host_alias_value=
ac_cv_env_target_alias_set=
ac_cv_env_target_alias_value=
ac_cv_func_snd_ctl_elem_add_enumerated=yes
ac_cv_header_alsa_mixer_h=yes
ac_cv_header_alsa_pcm_h=yes
ac_cv_header_alsa_rawmidi_h=yes
ac_cv_header_alsa_seq_h=yes
ac_cv_header_form_h=yes
ac_cv_header_inttypes_h=yes
ac_cv_header_memory_h=yes
ac_cv_header_menu_h=yes
ac_cv_header_panel_h=yes
ac_cv_header_samplerate_h=no
ac_cv_header_stdc=yes
ac_cv_header_stdint_h=yes
ac_cv_header_stdlib_h=yes
ac_cv_header_string_h=yes
ac_cv_header_strings_h=yes
ac_cv_header_sys_stat_h=yes
ac_cv_header_sys_types_h=yes
ac_cv_header_time=yes
ac_cv_header_unistd_h=yes
ac_cv_host=armv7l-unknown-linux-gnueabi
ac_cv_lib_asound_snd_ctl_open=yes
ac_cv_lib_form___new_form=yes
ac_cv_lib_menu___new_menu=yes
ac_cv_lib_ncursesw_initscr=no
ac_cv_lib_panel___new_panel=yes
ac_cv_lib_rt_clock_gettime=yes
ac_cv_objext=o
ac_cv_path_EGREP='/bin/grep -E'
ac_cv_path_GMSGFMT=:
ac_cv_path_GREP=/bin/grep
ac_cv_path_MSGFMT=:
ac_cv_path_MSGMERGE=:
ac_cv_path_SED=/bin/sed
ac_cv_path_XGETTEXT=:
ac_cv_path_ac_pt_PKG_CONFIG=/usr/bin/pkg-config
ac_cv_path_install='/usr/bin/install -c'
ac_cv_path_mkdir=/bin/mkdir
ac_cv_prog_AWK=mawk
ac_cv_prog_CPP='gcc -E'
ac_cv_prog_ac_ct_CC=gcc
ac_cv_prog_cc_c89=
ac_cv_prog_cc_g=yes
ac_cv_prog_gcc_traditional=no
ac_cv_prog_make_make_set=yes
ac_cv_prog_ncurses5_config=yes
ac_cv_prog_xmlto=yes
ac_cv_sys_file_offset_bits=64
ac_cv_sys_largefile_CC=no
acl_cv_hardcode_direct=no
acl_cv_hardcode_libdir_flag_spec='${wl}-rpath ${wl}$libdir'
acl_cv_hardcode_libdir_separator=
acl_cv_hardcode_minus_L=no
acl_cv_libext=a
acl_cv_path_LD=/usr/bin/ld
acl_cv_prog_gnu_ld=yes
acl_cv_rpath=done
acl_cv_shlibext=so
acl_cv_wl=-Wl,
am_cv_CC_dependencies_compiler_type=gcc3
gt_cv_func_CFLocaleCopyCurrent=no
gt_cv_func_CFPreferencesCopyAppValue=no
gt_cv_func_gnugettext1_libc=yes

## ----------------- ##
## Output variables. ##
## ----------------- ##

ACLOCAL='${SHELL} /home/pi/tarina/alsa-utils-1.0.25/missing --run aclocal-1.11'
ALSACONF_FALSE='#'
ALSACONF_TRUE=''
ALSALOOP_FALSE='#'
ALSALOOP_TRUE=''
ALSAMIXER_FALSE='#'
ALSAMIXER_TRUE=''
ALSA_CFLAGS=''
ALSA_LIBS=' -lasound -lm -ldl -lpthread'
AMDEPBACKSLASH='\'
AMDEP_FALSE='#'
AMDEP_TRUE=''
AMTAR='$${TAR-tar}'
ASOUND_STATE_DIR='/var/lib/alsa'
AUTOCONF='${SHELL} /home/pi/tarina/alsa-utils-1.0.25/missing --run autoconf'
AUTOHEADER='${SHELL} /home/pi/tarina/alsa-utils-1.0.25/missing --run autoheader'
AUTOMAKE='${SHELL} /home/pi/tarina/alsa-utils-1.0.25/missing --run automake-1.11'
AWK='mawk'
CC='gcc'
CCDEPMODE='depmode=gcc3'
CFLAGS='-g -O2'
CPP='gcc -E'
CPPFLAGS=''
CURSESINC='<ncurses.h>'
CURSESLIB='-lform -lmenu -lpanel -lncurses -ltinfo'
CURSES_CFLAGS='-D_GNU_SOURCE -D_DEFAULT_SOURCE'
CYGPATH_W='echo'
DEFS='-DHAVE_CONFIG_H'
DEPDIR='.deps'
ECHO_C=''
ECHO_N='-n'
ECHO_T=''
EGREP='/bin/grep -E'
EXEEXT=''
GETTEXT_MACRO_VERSION='0.18'
GMSGFMT=':'
GMSGFMT_015=':'
GREP='/bin/grep'
HAVE_MIXER_FALSE='#'
HAVE_MIXER_TRUE=''
HAVE_PCM_FALSE='#'
HAVE_PCM_TRUE=''
HAVE_RAWMIDI_FALSE='#'
HAVE_RAWMIDI_TRUE=''
HAVE_SAMPLERATE_FALSE=''
HAVE_SAMPLERATE_TRUE='#'
HAVE_SEQ_FALSE='#'
HAVE_SEQ_TRUE=''
HAVE_SYSTEMD_FALSE='#'
HAVE_SYSTEMD_TRUE=''
INSTALL_DATA='${INSTALL} -m 644'
INSTALL_PROGRAM='${INSTALL}'
INSTALL_SCRIPT='${INSTALL}'
INSTALL_STRIP_PROGRAM='$(install_sh) -c -s'
INTLLIBS=''
INTL_MACOSX_LIBS=''
LDFLAGS=''
LIBICONV='-liconv'
LIBINTL=''
LIBOBJS=''
LIBRT='-lrt'
LIBS='-lasound -lm -ldl -lpthread'
LN_S='ln -s'
LTLIBICONV='-liconv'
LTLIBINTL=''
LTLIBOBJS=''
MAKEINFO='${SHELL} /home/pi/tarina/alsa-utils-1.0.25/missing --run makeinfo'
MKDIR_P='/bin/mkdir -p'
MSGFMT=':'
MSGFMT_015=':'
MSGMERGE=':'
OBJEXT='o'
PACKAGE='alsa-utils'
PACKAGE_BUGREPORT=''
PACKAGE_NAME=''
PACKAGE_STRING=''
PACKAGE_TARNAME=''
PACKAGE_URL=''
PACKAGE_VERSION=''
PATH_SEPARATOR=':'
PKG_CONFIG='/usr/bin/pkg-config'
PKG_CONFIG_LIBDIR=''
PKG_CONFIG_PATH=''
POSUB='po'
SED='/bin/sed'
SET_MAKE=''
SHELL='/bin/bash'
SND_UTIL_MAJOR='1'
SND_UTIL_MINOR='0'
SND_UTIL_SUBMINOR='25'
SND_UTIL_VERSION='1.0.25'
STRIP=''
TESTSOUND='/usr/share/test.wav'
USE_NLS='yes'
USE_XMLTO_FALSE='#'
USE_XMLTO_TRUE=''
VERSION='1.0.25'
XGETTEXT=':'
XGETTEXT_015=':'
XGETTEXT_EXTRA_OPTIONS=''
ac_ct_CC='gcc'
am__EXEEXT_FALSE=''
am__EXEEXT_TRUE='#'
am__fastdepCC_FALSE='#'
am__fastdepCC_TRUE=''
am__include='include'
am__isrc=''
am__leading_dot='.'
am__nodep='_no'
am__quote=''
am__tar='$${TAR-tar} chof - "$$tardir"'
am__untar='$${TAR-tar} xf -'
bindir='${exec_prefix}/bin'
build='armv7l-unknown-linux-gnueabi'
build_alias=''
build_cpu='armv7l'
build_os='linux-gnueabi'
build_vendor='unknown'
datadir='${datarootdir}'
datarootdir='${prefix}/share'
docdir='${datarootdir}/doc/${PACKAGE}'
dvidir='${docdir}'
exec_prefix='${prefix}'
host='armv7l-unknown-linux-gnueabi'
host_alias=''
host_cpu='armv7l'
host_os='linux-gnueabi'
host_vendor='unknown'
htmldir='${docdir}'
includedir='${prefix}/include'
infodir='${datarootdir}/info'
install_sh='${SHELL} /home/pi/tarina/alsa-utils-1.0.25/install-sh'
libdir='${exec_prefix}/lib'
libexecdir='${exec_prefix}/libexec'
localedir='${datarootdir}/locale'
localstatedir='${prefix}/var'
mandir='${datarootdir}/man'
mkdir_p='/bin/mkdir -p'
ncurses5_config='yes'
ncursesw5_config=''
oldincludedir='/usr/include'
pdfdir='${docdir}'
prefix='/usr'
program_transform_name='s,x,x,'
psdir='${docdir}'
sbindir='${exec_prefix}/sbin'
sharedstatedir='${prefix}/com'
sysconfdir='${prefix}/etc'
systemdsystemunitdir='/lib/systemd/system'
target_alias=''
udevrulesdir='/lib/udev/rules.d'
xmlto='yes'

## ----------- ##
## confdefs.h. ##
## ----------- ##

/* confdefs.h */
#define PACKAGE_NAME ""
#define PACKAGE_TARNAME ""
#define PACKAGE_VERSION ""
#define PACKAGE_STRING ""
#define PACKAGE_BUGREPORT ""
#define PACKAGE_URL ""
#define PACKAGE "alsa-utils"
#define VERSION "1.0.25"
#define ENABLE_NLS 1
#define HAVE_GETTEXT 1
#define HAVE_DCGETTEXT 1
#define HAVE_LIBASOUND 1
#define HAVE_ALSA_PCM_H 1
#define HAVE_ALSA_MIXER_H 1
#define HAVE_ALSA_RAWMIDI_H 1
#define HAVE_ALSA_SEQ_H 1
#define HAVE_LIBRT 1
#define HAVE_CLOCK_GETTIME 1
#define STDC_HEADERS 1
#define HAVE_CURSES_ESCDELAY 1
#define HAVE_SYS_TYPES_H 1
#define HAVE_SYS_STAT_H 1
#define HAVE_STDLIB_H 1
#define HAVE_STRING_H 1
#define HAVE_MEMORY_H 1
#define HAVE_STRINGS_H 1
#define HAVE_INTTYPES_H 1
#define HAVE_STDINT_H 1
#define HAVE_UNISTD_H 1
#define HAVE_PANEL_H 1
#define HAVE_MENU_H 1
#define HAVE_FORM_H 1
#define SOUNDSDIR "/usr/share/sounds/alsa"
#define DATADIR "/usr/share/alsa"
#define TIME_WITH_SYS_TIME 1
#define _FILE_OFFSET_BITS 64
#define VERSION "1.0.25"

configure: exit 0

## ---------------------- ##
## Running config.status. ##
## ---------------------- ##

This file was extended by config.status, which was
generated by GNU Autoconf 2.69.  Invocation command line was

  CONFIG_FILES    = 
  CONFIG_HEADERS  = 
  CONFIG_LINKS    = 
  CONFIG_COMMANDS = 
  $ ./config.status 

on tarina

config.status:966: creating Makefile
config.status:966: creating alsactl/Makefile
config.status:966: creating alsactl/init/Makefile
config.status:966: creating alsamixer/Makefile
config.status:966: creating amidi/Makefile
config.status:966: creating amixer/Makefile
config.status:966: creating m4/Makefile
config.status:966: creating po/Makefile.in
config.status:966: creating alsaconf/alsaconf
config.status:966: creating alsaconf/Makefile
config.status:966: creating alsaconf/po/Makefile
config.status:1074: WARNING:  'alsaconf/po/Makefile.in' seems to ignore the --datarootdir setting
config.status:966: creating alsaucm/Makefile
config.status:966: creating aplay/Makefile
config.status:966: creating include/Makefile
config.status:966: creating iecset/Makefile
config.status:966: creating utils/Makefile
config.status:966: creating utils/alsa-utils.spec
config.status:966: creating seq/Makefile
config.status:966: creating seq/aconnect/Makefile
config.status:966: creating seq/aplaymidi/Makefile
config.status:966: creating seq/aseqdump/Makefile
config.status:966: creating seq/aseqnet/Makefile
config.status:966: creating speaker-test/Makefile
config.status:966: creating speaker-test/samples/Makefile
config.status:966: creating alsaloop/Makefile
config.status:966: creating include/aconfig.h
config.status:1195: executing po-directories commands
config.status:1195: executing depfiles commands
